[debug] [2023-09-18T04:55:36.984Z] ----------------------------------------------------------------------
[debug] [2023-09-18T04:55:36.990Z] Command:       C:\Program Files\nodejs\node.exe C:\Users\user\AppData\Roaming\npm\node_modules\firebase-tools\lib\bin\firebase.js deploy
[debug] [2023-09-18T04:55:36.991Z] CLI Version:   12.5.4
[debug] [2023-09-18T04:55:36.992Z] Platform:      win32
[debug] [2023-09-18T04:55:36.993Z] Node Version:  v18.16.0
[debug] [2023-09-18T04:55:37.013Z] Time:          Mon Sep 18 2023 05:55:36 GMT+0100 (British Summer Time)
[debug] [2023-09-18T04:55:37.014Z] ----------------------------------------------------------------------
[debug] 
[debug] [2023-09-18T04:55:37.026Z] >>> [apiv2][query] GET https://firebase-public.firebaseio.com/cli.json [none]
[debug] [2023-09-18T04:55:37.380Z] > command requires scopes: ["email","openid","https://www.googleapis.com/auth/cloudplatformprojects.readonly","https://www.googleapis.com/auth/firebase","https://www.googleapis.com/auth/cloud-platform"]
[debug] [2023-09-18T04:55:37.381Z] > authorizing via signed-in user (bryk.defi@gmail.com)
[debug] [2023-09-18T04:55:37.381Z] [iam] checking project moviebox-blossom for permissions ["firebase.projects.get","firebasehosting.sites.update"]
[debug] [2023-09-18T04:55:37.383Z] > refreshing access token with scopes: []
[debug] [2023-09-18T04:55:37.386Z] >>> [apiv2][query] POST https://www.googleapis.com/oauth2/v3/token [none]
[debug] [2023-09-18T04:55:37.386Z] >>> [apiv2][body] POST https://www.googleapis.com/oauth2/v3/token [omitted]
[debug] [2023-09-18T04:55:38.085Z] <<< [apiv2][status] POST https://www.googleapis.com/oauth2/v3/token 200
[debug] [2023-09-18T04:55:38.086Z] <<< [apiv2][body] POST https://www.googleapis.com/oauth2/v3/token [omitted]
[debug] [2023-09-18T04:55:38.112Z] >>> [apiv2][query] POST https://cloudresourcemanager.googleapis.com/v1/projects/moviebox-blossom:testIamPermissions [none]
[debug] [2023-09-18T04:55:38.112Z] >>> [apiv2][(partial)header] POST https://cloudresourcemanager.googleapis.com/v1/projects/moviebox-blossom:testIamPermissions x-goog-quota-user=projects/moviebox-blossom
[debug] [2023-09-18T04:55:38.113Z] >>> [apiv2][body] POST https://cloudresourcemanager.googleapis.com/v1/projects/moviebox-blossom:testIamPermissions {"permissions":["firebase.projects.get","firebasehosting.sites.update"]}
[debug] [2023-09-18T04:55:39.437Z] <<< [apiv2][status] POST https://cloudresourcemanager.googleapis.com/v1/projects/moviebox-blossom:testIamPermissions 200
[debug] [2023-09-18T04:55:39.438Z] <<< [apiv2][body] POST https://cloudresourcemanager.googleapis.com/v1/projects/moviebox-blossom:testIamPermissions {"permissions":["firebase.projects.get","firebasehosting.sites.update"]}
[debug] [2023-09-18T04:55:39.443Z] >>> [apiv2][query] GET https://firebase.googleapis.com/v1beta1/projects/moviebox-blossom [none]
[debug] [2023-09-18T04:55:40.027Z] <<< [apiv2][status] GET https://firebase.googleapis.com/v1beta1/projects/moviebox-blossom 200
[debug] [2023-09-18T04:55:40.028Z] <<< [apiv2][body] GET https://firebase.googleapis.com/v1beta1/projects/moviebox-blossom {"projectId":"moviebox-blossom","projectNumber":"30487312119","displayName":"Movie Box","name":"projects/moviebox-blossom","resources":{"hostingSite":"moviebox-blossom"},"state":"ACTIVE","etag":"1_2883de39-3fc7-4fd3-afaf-25c55f4f46f5"}
[info] 
[info] === Deploying to 'moviebox-blossom'...
[info] 
[info] i  deploying hosting 
[debug] [2023-09-18T04:55:40.059Z] >>> [apiv2][query] POST https://firebasehosting.googleapis.com/v1beta1/projects/-/sites/moviebox-blossom/versions [none]
[debug] [2023-09-18T04:55:40.061Z] >>> [apiv2][body] POST https://firebasehosting.googleapis.com/v1beta1/projects/-/sites/moviebox-blossom/versions {"status":"CREATED","labels":{"deployment-tool":"cli-firebase"}}
[debug] [2023-09-18T04:55:42.134Z] <<< [apiv2][status] POST https://firebasehosting.googleapis.com/v1beta1/projects/-/sites/moviebox-blossom/versions 200
[debug] [2023-09-18T04:55:42.135Z] <<< [apiv2][body] POST https://firebasehosting.googleapis.com/v1beta1/projects/-/sites/moviebox-blossom/versions {"name":"projects/30487312119/sites/moviebox-blossom/versions/e4a90b5790d88290","status":"CREATED","config":{},"labels":{"deployment-tool":"cli-firebase"}}
[info] i  hosting[moviebox-blossom]: beginning deploy... 
[info] i  hosting[moviebox-blossom]: found 14 files in build 
[debug] [2023-09-18T04:55:50.381Z] [hosting] uploading with 200 concurrency
[debug] [2023-09-18T04:55:50.745Z] [hosting] hash cache [YnVpbGQ] stored for 14 files
[debug] [2023-09-18T04:55:50.746Z] [hosting][hash queue][FINAL] {"max":330,"min":9,"avg":50.42857142857143,"active":0,"complete":14,"success":14,"errored":0,"retried":0,"total":14,"elapsed":353}
[debug] [2023-09-18T04:55:50.747Z] >>> [apiv2][query] POST https://firebasehosting.googleapis.com/v1beta1/projects/30487312119/sites/moviebox-blossom/versions/e4a90b5790d88290:populateFiles [none]
[debug] [2023-09-18T04:55:50.747Z] >>> [apiv2][body] POST https://firebasehosting.googleapis.com/v1beta1/projects/30487312119/sites/moviebox-blossom/versions/e4a90b5790d88290:populateFiles {"files":{"/favicon.ico":"eae62e993eb980ec8a25058c39d5a51feab118bd2100c4deebb2a9c158ec11f9","/logo192.png":"3ee59515172ee198f3be375979df15ac5345183e656720a381b8872b2a39dc8b","/logo512.png":"ee7e2f3fdb8209c4b6fd7bef6ba50d1b9dba30a25bb5c3126df057e1cb6f5331","/manifest.json":"aff3449bdc238776f5d6d967f19ec491b36aed5fb7f23ccff6500736fd58494a","/robots.txt":"bfe106a3fb878dc83461c86818bf74fc1bdc7f28538ba613cd3e775516ce8b49","/asset-manifest.json":"73beefc6c96318c3cb87a64665b2c7d7827b59e0732a1128b0f5f572d8442f6e","/index.html":"255f36714424700e1a156b722da664d65f86ef7c9dea663131579d50ec55fec9","/static/css/main.b8596518.css":"9c9553208d16d0df2af2e7038036cbe97b63876d043b5b010cf561978b35ebc4","/static/js/787.e0dfb15e.chunk.js":"b762556003359bce47b18071d4183bd077f8456463975e32495914b2a5ba9663","/static/css/main.b8596518.css.map":"f2996dd023889933061c52419798e630b08d3480a557f34da01df54561ba8c26","/static/js/main.cc5b46da.js.LICENSE.txt":"da19d2d7f8030ad23689bc55c051629f56e4e3aebf762f40da4bca969a3bf5a7","/static/js/787.e0dfb15e.chunk.js.map":"ed471285f96d2e6dc0cec137201e7b025b94617f37d3c37285211ab9a84fd9d7","/static/js/main.cc5b46da.js":"7667f0018d0e14ced178348dadcd0d7b6537bd7e138b544a04fac8c7cb7b789c","/static/js/main.cc5b46da.js.map":"16a38402e678dd4db60db07730cdc7698a4fb1af5305b2071690b3b9f066459b"}}
[debug] [2023-09-18T04:55:52.370Z] <<< [apiv2][status] POST https://firebasehosting.googleapis.com/v1beta1/projects/30487312119/sites/moviebox-blossom/versions/e4a90b5790d88290:populateFiles 200
[debug] [2023-09-18T04:55:52.370Z] <<< [apiv2][body] POST https://firebasehosting.googleapis.com/v1beta1/projects/30487312119/sites/moviebox-blossom/versions/e4a90b5790d88290:populateFiles {"uploadRequiredHashes":["16a38402e678dd4db60db07730cdc7698a4fb1af5305b2071690b3b9f066459b","f2996dd023889933061c52419798e630b08d3480a557f34da01df54561ba8c26","255f36714424700e1a156b722da664d65f86ef7c9dea663131579d50ec55fec9","7667f0018d0e14ced178348dadcd0d7b6537bd7e138b544a04fac8c7cb7b789c","9c9553208d16d0df2af2e7038036cbe97b63876d043b5b010cf561978b35ebc4","73beefc6c96318c3cb87a64665b2c7d7827b59e0732a1128b0f5f572d8442f6e"],"uploadUrl":"https://upload-firebasehosting.googleapis.com/upload/sites/moviebox-blossom/versions/e4a90b5790d88290/files"}
[debug] [2023-09-18T04:55:52.374Z] >>> [apiv2][query] POST https://upload-firebasehosting.googleapis.com/upload/sites/moviebox-blossom/versions/e4a90b5790d88290/files/16a38402e678dd4db60db07730cdc7698a4fb1af5305b2071690b3b9f066459b [none]
[debug] [2023-09-18T04:55:52.374Z] >>> [apiv2][body] POST https://upload-firebasehosting.googleapis.com/upload/sites/moviebox-blossom/versions/e4a90b5790d88290/files/16a38402e678dd4db60db07730cdc7698a4fb1af5305b2071690b3b9f066459b [stream]
[debug] [2023-09-18T04:55:52.378Z] >>> [apiv2][query] POST https://upload-firebasehosting.googleapis.com/upload/sites/moviebox-blossom/versions/e4a90b5790d88290/files/f2996dd023889933061c52419798e630b08d3480a557f34da01df54561ba8c26 [none]
[debug] [2023-09-18T04:55:52.378Z] >>> [apiv2][body] POST https://upload-firebasehosting.googleapis.com/upload/sites/moviebox-blossom/versions/e4a90b5790d88290/files/f2996dd023889933061c52419798e630b08d3480a557f34da01df54561ba8c26 [stream]
[debug] [2023-09-18T04:55:52.380Z] >>> [apiv2][query] POST https://upload-firebasehosting.googleapis.com/upload/sites/moviebox-blossom/versions/e4a90b5790d88290/files/255f36714424700e1a156b722da664d65f86ef7c9dea663131579d50ec55fec9 [none]
[debug] [2023-09-18T04:55:52.380Z] >>> [apiv2][body] POST https://upload-firebasehosting.googleapis.com/upload/sites/moviebox-blossom/versions/e4a90b5790d88290/files/255f36714424700e1a156b722da664d65f86ef7c9dea663131579d50ec55fec9 [stream]
[debug] [2023-09-18T04:55:52.383Z] >>> [apiv2][query] POST https://upload-firebasehosting.googleapis.com/upload/sites/moviebox-blossom/versions/e4a90b5790d88290/files/7667f0018d0e14ced178348dadcd0d7b6537bd7e138b544a04fac8c7cb7b789c [none]
[debug] [2023-09-18T04:55:52.384Z] >>> [apiv2][body] POST https://upload-firebasehosting.googleapis.com/upload/sites/moviebox-blossom/versions/e4a90b5790d88290/files/7667f0018d0e14ced178348dadcd0d7b6537bd7e138b544a04fac8c7cb7b789c [stream]
[debug] [2023-09-18T04:55:52.387Z] >>> [apiv2][query] POST https://upload-firebasehosting.googleapis.com/upload/sites/moviebox-blossom/versions/e4a90b5790d88290/files/9c9553208d16d0df2af2e7038036cbe97b63876d043b5b010cf561978b35ebc4 [none]
[debug] [2023-09-18T04:55:52.387Z] >>> [apiv2][body] POST https://upload-firebasehosting.googleapis.com/upload/sites/moviebox-blossom/versions/e4a90b5790d88290/files/9c9553208d16d0df2af2e7038036cbe97b63876d043b5b010cf561978b35ebc4 [stream]
[debug] [2023-09-18T04:55:52.389Z] >>> [apiv2][query] POST https://upload-firebasehosting.googleapis.com/upload/sites/moviebox-blossom/versions/e4a90b5790d88290/files/73beefc6c96318c3cb87a64665b2c7d7827b59e0732a1128b0f5f572d8442f6e [none]
[debug] [2023-09-18T04:55:52.389Z] >>> [apiv2][body] POST https://upload-firebasehosting.googleapis.com/upload/sites/moviebox-blossom/versions/e4a90b5790d88290/files/73beefc6c96318c3cb87a64665b2c7d7827b59e0732a1128b0f5f572d8442f6e [stream]
[debug] [2023-09-18T04:55:52.391Z] [hosting][populate queue][FINAL] {"max":1631,"min":1631,"avg":1631,"active":0,"complete":1,"success":1,"errored":0,"retried":0,"total":1,"elapsed":1650}
[debug] [2023-09-18T04:55:52.392Z] [hosting] uploads queued: 6
[debug] [2023-09-18T04:55:54.005Z] <<< [apiv2][status] POST https://upload-firebasehosting.googleapis.com/upload/sites/moviebox-blossom/versions/e4a90b5790d88290/files/9c9553208d16d0df2af2e7038036cbe97b63876d043b5b010cf561978b35ebc4 200
[debug] [2023-09-18T04:55:54.006Z] <<< [apiv2][body] POST https://upload-firebasehosting.googleapis.com/upload/sites/moviebox-blossom/versions/e4a90b5790d88290/files/9c9553208d16d0df2af2e7038036cbe97b63876d043b5b010cf561978b35ebc4 [stream]
[debug] [2023-09-18T04:55:54.009Z] <<< [apiv2][status] POST https://upload-firebasehosting.googleapis.com/upload/sites/moviebox-blossom/versions/e4a90b5790d88290/files/f2996dd023889933061c52419798e630b08d3480a557f34da01df54561ba8c26 200
[debug] [2023-09-18T04:55:54.009Z] <<< [apiv2][body] POST https://upload-firebasehosting.googleapis.com/upload/sites/moviebox-blossom/versions/e4a90b5790d88290/files/f2996dd023889933061c52419798e630b08d3480a557f34da01df54561ba8c26 [stream]
[debug] [2023-09-18T04:55:54.011Z] <<< [apiv2][status] POST https://upload-firebasehosting.googleapis.com/upload/sites/moviebox-blossom/versions/e4a90b5790d88290/files/255f36714424700e1a156b722da664d65f86ef7c9dea663131579d50ec55fec9 200
[debug] [2023-09-18T04:55:54.011Z] <<< [apiv2][body] POST https://upload-firebasehosting.googleapis.com/upload/sites/moviebox-blossom/versions/e4a90b5790d88290/files/255f36714424700e1a156b722da664d65f86ef7c9dea663131579d50ec55fec9 [stream]
[debug] [2023-09-18T04:55:54.014Z] <<< [apiv2][status] POST https://upload-firebasehosting.googleapis.com/upload/sites/moviebox-blossom/versions/e4a90b5790d88290/files/73beefc6c96318c3cb87a64665b2c7d7827b59e0732a1128b0f5f572d8442f6e 200
[debug] [2023-09-18T04:55:54.014Z] <<< [apiv2][body] POST https://upload-firebasehosting.googleapis.com/upload/sites/moviebox-blossom/versions/e4a90b5790d88290/files/73beefc6c96318c3cb87a64665b2c7d7827b59e0732a1128b0f5f572d8442f6e [stream]
[debug] [2023-09-18T04:55:54.131Z] <<< [apiv2][status] POST https://upload-firebasehosting.googleapis.com/upload/sites/moviebox-blossom/versions/e4a90b5790d88290/files/16a38402e678dd4db60db07730cdc7698a4fb1af5305b2071690b3b9f066459b 200
[debug] [2023-09-18T04:55:54.131Z] <<< [apiv2][body] POST https://upload-firebasehosting.googleapis.com/upload/sites/moviebox-blossom/versions/e4a90b5790d88290/files/16a38402e678dd4db60db07730cdc7698a4fb1af5305b2071690b3b9f066459b [stream]
[debug] [2023-09-18T04:55:54.133Z] <<< [apiv2][status] POST https://upload-firebasehosting.googleapis.com/upload/sites/moviebox-blossom/versions/e4a90b5790d88290/files/7667f0018d0e14ced178348dadcd0d7b6537bd7e138b544a04fac8c7cb7b789c 200
[debug] [2023-09-18T04:55:54.133Z] <<< [apiv2][body] POST https://upload-firebasehosting.googleapis.com/upload/sites/moviebox-blossom/versions/e4a90b5790d88290/files/7667f0018d0e14ced178348dadcd0d7b6537bd7e138b544a04fac8c7cb7b789c [stream]
[debug] [2023-09-18T04:55:54.133Z] [hosting][upload queue][FINAL] {"max":1761,"min":1633,"avg":1678.8333333333333,"active":0,"complete":6,"success":6,"errored":0,"retried":0,"total":6,"elapsed":1763}
[info] +  hosting[moviebox-blossom]: file upload complete 
[debug] [2023-09-18T04:55:54.135Z] [hosting] deploy completed after 3807ms
[debug] [2023-09-18T04:55:54.136Z] [
  {
    "config": {
      "public": "build",
      "ignore": [
        "firebase.json",
        "**/.*",
        "**/node_modules/**"
      ],
      "rewrites": [
        {
          "source": "**",
          "destination": "/index.html"
        }
      ],
      "site": "moviebox-blossom"
    },
    "version": "projects/30487312119/sites/moviebox-blossom/versions/e4a90b5790d88290"
  }
]
[info] i  hosting[moviebox-blossom]: finalizing version... 
[debug] [2023-09-18T04:55:54.144Z] >>> [apiv2][query] PATCH https://firebasehosting.googleapis.com/v1beta1/projects/-/sites/moviebox-blossom/versions/e4a90b5790d88290 updateMask=status%2Cconfig
[debug] [2023-09-18T04:55:54.145Z] >>> [apiv2][body] PATCH https://firebasehosting.googleapis.com/v1beta1/projects/-/sites/moviebox-blossom/versions/e4a90b5790d88290 {"status":"FINALIZED","config":{"rewrites":[{"glob":"**","path":"/index.html"}]}}
[debug] [2023-09-18T04:55:55.893Z] <<< [apiv2][status] PATCH https://firebasehosting.googleapis.com/v1beta1/projects/-/sites/moviebox-blossom/versions/e4a90b5790d88290 200
[debug] [2023-09-18T04:55:55.894Z] <<< [apiv2][body] PATCH https://firebasehosting.googleapis.com/v1beta1/projects/-/sites/moviebox-blossom/versions/e4a90b5790d88290 {"name":"projects/30487312119/sites/moviebox-blossom/versions/e4a90b5790d88290","status":"FINALIZED","config":{"rewrites":[{"glob":"**","path":"/index.html"}]},"labels":{"deployment-tool":"cli-firebase"},"createTime":"2023-09-18T04:55:42.516982Z","createUser":{"email":"bryk.defi@gmail.com"},"finalizeTime":"2023-09-18T04:55:56.521836Z","finalizeUser":{"email":"bryk.defi@gmail.com"}}
[debug] [2023-09-18T04:55:55.894Z] [hosting] finalized version for moviebox-blossom:[object Object]
[info] +  hosting[moviebox-blossom]: version finalized 
[info] i  hosting[moviebox-blossom]: releasing new version... 
[debug] [2023-09-18T04:55:55.899Z] >>> [apiv2][query] POST https://firebasehosting.googleapis.com/v1beta1/projects/-/sites/moviebox-blossom/channels/live/releases versionName=projects%2F30487312119%2Fsites%2Fmoviebox-blossom%2Fversions%2Fe4a90b5790d88290
[debug] [2023-09-18T04:55:55.899Z] >>> [apiv2][body] POST https://firebasehosting.googleapis.com/v1beta1/projects/-/sites/moviebox-blossom/channels/live/releases {}
[debug] [2023-09-18T04:55:57.747Z] <<< [apiv2][status] POST https://firebasehosting.googleapis.com/v1beta1/projects/-/sites/moviebox-blossom/channels/live/releases 200
[debug] [2023-09-18T04:55:57.747Z] <<< [apiv2][body] POST https://firebasehosting.googleapis.com/v1beta1/projects/-/sites/moviebox-blossom/channels/live/releases {"name":"projects/30487312119/sites/moviebox-blossom/channels/live/releases/1695012957694000","version":{"name":"projects/30487312119/sites/moviebox-blossom/versions/e4a90b5790d88290","status":"FINALIZED","config":{"rewrites":[{"glob":"**","path":"/index.html"}]},"labels":{"deployment-tool":"cli-firebase"},"createTime":"2023-09-18T04:55:42.516982Z","createUser":{"email":"bryk.defi@gmail.com","imageUrl":"https://lh3.googleusercontent.com/a/ACg8ocL6S90gV46dlQZWj3bJYL3xBSPdOAWtXyxQh5pA28rikA"},"finalizeTime":"2023-09-18T04:55:56.521836Z","finalizeUser":{"email":"bryk.defi@gmail.com","imageUrl":"https://lh3.googleusercontent.com/a/ACg8ocL6S90gV46dlQZWj3bJYL3xBSPdOAWtXyxQh5pA28rikA"}},"type":"DEPLOY","releaseTime":"2023-09-18T04:55:57.694Z","releaseUser":{"email":"bryk.defi@gmail.com","imageUrl":"https://lh3.googleusercontent.com/a/ACg8ocL6S90gV46dlQZWj3bJYL3xBSPdOAWtXyxQh5pA28rikA"}}
[debug] [2023-09-18T04:55:57.747Z] [hosting] release: {"name":"projects/30487312119/sites/moviebox-blossom/channels/live/releases/1695012957694000","version":{"name":"projects/30487312119/sites/moviebox-blossom/versions/e4a90b5790d88290","status":"FINALIZED","config":{"rewrites":[{"glob":"**","path":"/index.html"}]},"labels":{"deployment-tool":"cli-firebase"},"createTime":"2023-09-18T04:55:42.516982Z","createUser":{"email":"bryk.defi@gmail.com","imageUrl":"https://lh3.googleusercontent.com/a/ACg8ocL6S90gV46dlQZWj3bJYL3xBSPdOAWtXyxQh5pA28rikA"},"finalizeTime":"2023-09-18T04:55:56.521836Z","finalizeUser":{"email":"bryk.defi@gmail.com","imageUrl":"https://lh3.googleusercontent.com/a/ACg8ocL6S90gV46dlQZWj3bJYL3xBSPdOAWtXyxQh5pA28rikA"}},"type":"DEPLOY","releaseTime":"2023-09-18T04:55:57.694Z","releaseUser":{"email":"bryk.defi@gmail.com","imageUrl":"https://lh3.googleusercontent.com/a/ACg8ocL6S90gV46dlQZWj3bJYL3xBSPdOAWtXyxQh5pA28rikA"}}
[info] +  hosting[moviebox-blossom]: release complete 
[debug] [2023-09-18T04:55:59.138Z] *** [apiv2] error from fetch(https://firebase-public.firebaseio.com/cli.json, {"headers":{},"method":"GET"}): FetchError: request to https://firebase-public.firebaseio.com/cli.json failed, reason: read ECONNRESET
[warn] !  Unable to fetch the CLI MOTD and remote config. 
[debug] [2023-09-18T04:55:59.142Z] Failed to fetch MOTD FirebaseError: Failed to make request to https://firebase-public.firebaseio.com/cli.json
[info] 
[info] +  Deploy complete! 
[info] 
[info] Project Console: https://console.firebase.google.com/project/moviebox-blossom/overview
[info] Hosting URL: https://moviebox-blossom.web.app
[debug] [2023-09-18T04:56:18.172Z] Error: Timed out.
    at Timeout._onTimeout (C:\Users\user\AppData\Roaming\npm\node_modules\firebase-tools\lib\utils.js:254:49)
    at listOnTimeout (node:internal/timers:569:17)
    at process.processTimers (node:internal/timers:512:7)
[error] 
[error] Error: An unexpected error has occurred.
